<?xml version="1.0" encoding="UTF-8"?>
<testsuite xmlns:xsi="http://www.w3.org/2001/XMLSchema-instance" xsi:noNamespaceSchemaLocation="https://maven.apache.org/surefire/maven-surefire-plugin/xsd/surefire-test-report.xsd" name="br.com.mercado_livre.desafio.unittests.adapters.gateways.repositories.PedidoRepositoryTest" time="2.428" tests="2" errors="0" skipped="0" failures="0">
  <properties>
[...]
</properties>
  <testcase name="find_by_id_retorna_vazio" classname="br.com.mercado_livre.desafio.unittests.adapters.gateways.repositories.PedidoRepositoryTest" time="0.006"/>
  <testcase name="find_by_id_retorna_registro" classname="br.com.mercado_livre.desafio.unittests.adapters.gateways.repositories.PedidoRepositoryTest" time="0.045"/>
</testsuite>